Inside LXD: 2026-05-04T20:18:05+00:00
Linux fitnes-mssql-probe 7.0.0-15-generic #15-Ubuntu SMP PREEMPT_DYNAMIC Wed Apr 22 16:06:43 UTC 2026 x86_64 x86_64 x86_64 GNU/Linux
PRETTY_NAME="Ubuntu 24.04.4 LTS"
NAME="Ubuntu"
VERSION_ID="24.04"
VERSION="24.04.4 LTS (Noble Numbat)"
VERSION_CODENAME=noble
ID=ubuntu
ID_LIKE=debian
HOME_URL="https://www.ubuntu.com/"
SUPPORT_URL="https://help.ubuntu.com/"
BUG_REPORT_URL="https://bugs.launchpad.net/ubuntu/"
PRIVACY_POLICY_URL="https://www.ubuntu.com/legal/terms-and-policies/privacy-policy"
UBUNTU_CODENAME=noble
LOGO=ubuntu-logo
-rw-rw-r-- 1 1000 1000 12G Apr 29 20:57 /var/opt/mssql/backup/Fitnes.bak
  File: /var/opt/mssql/backup/Fitnes.bak
  Size: 12770610688	Blocks: 24942608   IO Block: 4096   regular file
Device: 252,0	Inode: 1703958     Links: 1
Access: (0664/-rw-rw-r--)  Uid: ( 1000/ UNKNOWN)   Gid: ( 1000/ UNKNOWN)
Access: 2026-05-04 15:29:41.825493961 +0000
Modify: 2026-04-29 20:57:02.000000000 +0000
Change: 2026-04-30 19:31:52.218727734 +0000
 Birth: 2026-04-30 19:06:36.767289409 +0000
Client:
 Version:           29.1.3
 API version:       1.52
 Go version:        go1.24.4
 Git commit:        29.1.3-0ubuntu3~24.04.1
 Built:             Fri Mar  6 11:35:12 2026
 OS/Arch:           linux/amd64
 Context:           default

Server:
 Engine:
  Version:          29.1.3
  API version:      1.52 (minimum version 1.44)
  Go version:       go1.24.4
  Git commit:       29.1.3-0ubuntu3~24.04.1
  Built:            Fri Mar  6 11:35:12 2026
  OS/Arch:          linux/amd64
  Experimental:     false
 containerd:
  Version:          2.2.1
  GitCommit:        
 runc:
  Version:          1.3.4-0ubuntu1~24.04.1
  GitCommit:        
 docker-init:
  Version:          0.19.0
  GitCommit:        
0d3b46e4ab02218c0143b0762e5e339f86e9e76924c3d35ed7b032cac1a6dcd6
add040404c9fec03a2abadf4ef774a40e4148f5c670355ce0f58d2752c7b96c7
CONTAINER ID   IMAGE                                        COMMAND                  CREATED        STATUS                  PORTS      NAMES
add040404c9f   mcr.microsoft.com/mssql/server:2022-latest   "/opt/mssql/bin/laun…"   1 second ago   Up Less than a second   1433/tcp   fitnes_mssql_probe_sql
SQLCMD_KIND=inside18
1
/probe/results/final_report.md
TOTAL_RESTORE_GIB=78.33
RECOMMENDED_VOLUME_GIB=97.91
VERIFY_STATUS=success
