SRC=/home/linuxadmin/Fitnes.bak
WORK=/home/linuxadmin/fitnes_probe_20260504_184740
Mon May  4 18:47:40 UTC 2026
u26
/home/linuxadmin
  File: /home/linuxadmin/Fitnes.bak
  size: 12770610688	Blocks: 24942608   IO Block: 4096   regular file
Device: 252,0	Inode: 1703958     Links: 1
Access: (0664/-rw-rw-r--)  Uid: ( 1000/linuxadmin)   Gid: ( 1000/linuxadmin)
Access: 2026-05-04 15:29:41.825493961 +0000
Modify: 2026-04-29 20:57:02.000000000 +0000
Change: 2026-04-30 19:31:52.218727734 +0000
 Birth: 2026-04-30 19:06:36.767289409 +0000
  File: /home/linuxadmin/Fitnes.bak
  size: 12770610688	Blocks: 24942608   IO Block: 4096   regular file
Device: 252,0	Inode: 1703958     Links: 1
Access: (0664/-rw-rw-r--)  Uid: ( 1000/linuxadmin)   Gid: ( 1000/linuxadmin)
Access: 2026-05-04 15:29:41.825493961 +0000
Modify: 2026-04-29 20:57:02.000000000 +0000
Change: 2026-04-30 19:31:52.218727734 +0000
 Birth: 2026-04-30 19:06:36.767289409 +0000
OK: source file was stable during 60 second stat check. size=12770610688 mtime_epoch=1777496222

===== lsof =====
exit_code=1

===== fuser =====
exit_code=1
## date
Mon May  4 18:48:40 UTC 2026
## uname
Linux u26 7.0.0-15-generic #15-Ubuntu SMP PREEMPT_DYNAMIC Wed Apr 22 16:06:43 UTC 2026 x86_64 GNU/Linux
## free
               total        used        free      shared  buff/cache   available
Mem:            30Gi       1.1Gi        16Gi       1.7Mi        12Gi        29Gi
Swap:          8.0Gi          0B       8.0Gi
## df
Filesystem                        Type  Size  Used Avail Use% Mounted on
/dev/mapper/ubuntu--vg-ubuntu--lv ext4   48G   23G   23G  51% /
/dev/mapper/ubuntu--vg-ubuntu--lv ext4   48G   23G   23G  51% /
## lsblk
NAME                      FSTYPE      FSVER    LABEL UUID                                   FSAVAIL FSUSE% MOUNTPOINTS
sda                                                                                                        
├─sda1                                                                                                     
├─sda2                    ext4        1.0            cf1fc789-f140-44c8-8a91-fbcdb7ff2a72      1.7G     5% /boot
└─sda3                    LVM2_member LVM2 001       N2Fl8F-hHcx-8pNc-kkrN-m1Ty-42Y0-OVKaQB                
  └─ubuntu--vg-ubuntu--lv ext4        1.0            b7db681c-7a19-4747-9bdb-4fa1b934577a     22.7G    47% /
sr0                                                                                                        
## source ls
-rw-rw-r-- 1 linuxadmin linuxadmin 12G Apr 29 20:57 /home/linuxadmin/Fitnes.bak
## source du
12G	/home/linuxadmin/Fitnes.bak
## source stat
  File: /home/linuxadmin/Fitnes.bak
  size: 12770610688	Blocks: 24942608   IO Block: 4096   regular file
Device: 252,0	Inode: 1703958     Links: 1
Access: (0664/-rw-rw-r--)  Uid: ( 1000/linuxadmin)   Gid: ( 1000/linuxadmin)
Access: 2026-05-04 15:29:41.825493961 +0000
Modify: 2026-04-29 20:57:02.000000000 +0000
Change: 2026-04-30 19:31:52.218727734 +0000
 Birth: 2026-04-30 19:06:36.767289409 +0000
Available on /home: 23815640 KiB
/home/linuxadmin/Fitnes.bak: data
data
 4d 53 53 51 4c 42 41 4b 02 00 00 00 03 00 00 00
64+0 records in
64+0 records out
67108864 bytes (67 MB, 64 MiB) copied, 0.0536378 s, 1.3 GB/s
total 129M
-rw-rw-r-- 1 linuxadmin linuxadmin 64M May  4 18:48 head_64MiB.bin
-rw-rw-r-- 1 linuxadmin linuxadmin 64M May  4 18:48 tail_64MiB.bin
ef659b080711e08c0a7b818515754fa015becbd104fc89299f59445dc73e1f94  /home/linuxadmin/fitnes_probe_20260504_184740/samples/head_64MiB.bin
71ed71fa508e395982b0851bcb0533849dcffc3fb53eb631b76c6a00f685d6e7  /home/linuxadmin/fitnes_probe_20260504_184740/samples/tail_64MiB.bin
/home/linuxadmin/fitnes_probe_20260504_184740/samples/head_64MiB.bin: data
--- signatures for head_64MiB.bin ---
42464:1C
198999:1C
205692:1C
361208:1C
451910:1C
467223:1C
723079:1C
795892:1C
907707:1C
1053234:1C
1085906:1C
1131745:1C
1152613:1C
1164647:1C
1281622:1C
1390013:1C
1392261:1C
1467987:1C
1470195:1C
1493834:1C
1605024:1C
1614138:1C
1623026:1C
1758476:1C
1896184:1C
1898499:1C
1958147:1C
1997367:1C
2101340:1C
2110773:1C
2357581:1C
2393220:1C
2482043:1C
2521396:1C
2696690:1C
2697417:1C
2908655:1C
3029976:1C
3056707:1C
3068976:1C
3111577:1C
3128355:1C
3171759:1C
3265396:1C
3306387:1C
3400046:1C
3499833:1C
3599841:1C
3625845:1C
3646323:1C
/home/linuxadmin/fitnes_probe_20260504_184740/samples/tail_64MiB.bin: DOS executable (COM), maybe with interrupt 22h, start instruction 0xeb31ab0d cb0c9607
--- signatures for tail_64MiB.bin ---
18639:1C
54350:1C
235317:1C
254777:1C
649623:1C
689436:1C
790678:1C
878019:1C
909876:1C
1130657:1C
1158896:1C
1204785:1C
1224805:1C
1311708:1C
1326847:1C
1400487:1C
1443957:1C
1444824:1C
1458546:1C
1460319:1C
1469512:1C
1499874:1C
1503137:1C
1537410:1C
1597278:VDI
1650517:1C
1701032:1C
1854038:1C
2048836:1C
2107697:1C
2186081:1C
2280035:1C
2283058:1C
2343025:1C
2366535:1C
2374169:1C
2487171:1C
2581313:1C
2775400:1C
2784232:1C
2983839:1C
2984911:1C
2985682:1C
2985769:1C
3118213:1C
3164732:1C
3257847:1C
3350737:1C
3356132:1C
3379294:1C
3472309:1C
3496301:1C
## sqlcmd
## mssql services
## mssql dirs
sqlcmd not found; SQL Server metadata commands could not be executed on this server.
pg_restore not found; PostgreSQL archive listing not executed.
## 1C binaries
## 1C services
  apport.service                                                                            loaded    active   exited  automatic crash report generation
  dracut-cmdline.service                                                                    loaded    inactive dead    dracut cmdline hook
  dracut-initqueue.service                                                                  loaded    inactive dead    dracut initqueue hook
  dracut-mount.service                                                                      loaded    inactive dead    dracut mount hook
  dracut-pre-mount.service                                                                  loaded    inactive dead    dracut pre-mount hook
  dracut-pre-pivot.service                                                                  loaded    inactive dead    dracut pre-pivot and cleanup hook
  dracut-pre-trigger.service                                                                loaded    inactive dead    dracut pre-trigger hook
  dracut-pre-udev.service                                                                   loaded    inactive dead    dracut pre-udev hook
  dracut-shutdown-onfailure.service                                                         loaded    inactive dead    Service executing upon dracut-shutdown failure to perform cleanup
  dracut-shutdown.service                                                                   loaded    active   exited  Restore /run/initramfs on shutdown
  kdump-tools.service                                                                       loaded    active   exited  Kernel crash dump capture service
  systemd-tmpfiles-setup-dev-early.service                                                  loaded    active   exited  Create Static Device Nodes in /dev gracefully

===== archive_unzip_list =====
Archive:  /home/linuxadmin/Fitnes.bak
  End-of-central-directory signature not found.  Either this file is not
  a zipfile, or it constitutes one disk of a multi-part archive.  In the
  latter case the central directory and zipfile comment will be found on
  the last disk(s) of this archive.
unzip:  cannot find zipfile directory in one of /home/linuxadmin/Fitnes.bak or
        /home/linuxadmin/Fitnes.bak.zip, and cannot find /home/linuxadmin/Fitnes.bak.ZIP, period.
exit_code=9

===== archive_tar_list =====
tar: This does not look like a tar archive
tar: Skipping to next header
tar: Archive contains ‘_v\341C\352\224<\334S\2741>’ where numeric off_t value expected
tar: Archive contains ‘\0\371"\b\336\026\370\371\v"8\342’ where numeric off_t value expected
tar: Archive contains ‘\024\224\204Ϛ"\244\v\334+m\354’ where numeric off_t value expected
tar: Archive contains ‘\021Qw\224\341\354X\357\210Žw’ where numeric off_t value expected
tar: Archive contains ‘\0X*2N\027\377\227TLT\024’ where numeric off_t value expected
tar: Archive contains ‘r\a|\201\342̜\006\200Ń\331’ where numeric off_t value expected
tar: Archive contains ‘\320r2\261\177\032s?\254\237|\366’ where numeric off_t value expected
tar: Archive contains ‘\373\037\316\340\372\320\0D\177h\370Q’ where numeric off_t value expected
tar: Exiting with failure status due to previous errors
exit_code=2
WORK=/home/linuxadmin/fitnes_probe_20260504_184740
SRC=/home/linuxadmin/Fitnes.bak
file=data
magic16= 4d 53 53 51 4c 42 41 4b 02 00 00 00 03 00 00 00
sqlcmd=not_found
pg_restore=not_found
archive_unzip_exit=exit_code=9
archive_7z_exit=
archive_tar_exit=exit_code=2
postgres_exit=
head_sha256=ef659b080711e08c0a7b818515754fa015becbd104fc89299f59445dc73e1f94
tail_sha256=71ed71fa508e395982b0851bcb0533849dcffc3fb53eb631b76c6a00f685d6e7
signatures_nonempty:
signatures_head_64MiB.bin.txt
42464:1C
198999:1C
205692:1C
361208:1C
451910:1C
467223:1C
723079:1C
795892:1C
907707:1C
1053234:1C
1085906:1C
1131745:1C
1152613:1C
1164647:1C
1281622:1C
1390013:1C
1392261:1C
1467987:1C
1470195:1C
1493834:1C
1605024:1C
1614138:1C
1623026:1C
1758476:1C
1896184:1C
1898499:1C
1958147:1C
1997367:1C
2101340:1C
2110773:1C
2357581:1C
2393220:1C
2482043:1C
2521396:1C
2696690:1C
2697417:1C
2908655:1C
3029976:1C
3056707:1C
3068976:1C
3111577:1C
3128355:1C
3171759:1C
3265396:1C
3306387:1C
3400046:1C
3499833:1C
3599841:1C
3625845:1C
3646323:1C
signatures_tail_64MiB.bin.txt
18639:1C
54350:1C
235317:1C
254777:1C
649623:1C
689436:1C
790678:1C
878019:1C
909876:1C
1130657:1C
1158896:1C
1204785:1C
1224805:1C
1311708:1C
1326847:1C
1400487:1C
1443957:1C
1444824:1C
1458546:1C
1460319:1C
1469512:1C
1499874:1C
1503137:1C
1537410:1C
1597278:VDI
1650517:1C
1701032:1C
1854038:1C
2048836:1C
2107697:1C
2186081:1C
2280035:1C
2283058:1C
2343025:1C
2366535:1C
2374169:1C
2487171:1C
2581313:1C
2775400:1C
2784232:1C
2983839:1C
2984911:1C
2985682:1C
2985769:1C
3118213:1C
3164732:1C
3257847:1C
3350737:1C
3356132:1C
3379294:1C
3472309:1C
3496301:1C
-rw-rw-r-- 1 linuxadmin linuxadmin 1.6K May  4 18:48 /home/linuxadmin/fitnes_probe_20260504_184740/results/final_classification.txt
-rw-rw-r-- 1 linuxadmin linuxadmin 6.1K May  4 18:48 /home/linuxadmin/fitnes_probe_20260504_184740/results/probe_report.md
129M	/home/linuxadmin/fitnes_probe_20260504_184740

PROBE_WORK=/home/linuxadmin/fitnes_probe_20260504_184740
PROBE_REPORT=/home/linuxadmin/fitnes_probe_20260504_184740/results/probe_report.md
PROBE_CLASSIFICATION=/home/linuxadmin/fitnes_probe_20260504_184740/results/final_classification.txt
